<?xml version="1.0" encoding="UTF-8"?>
<testsuite name="com.opoinf.laboratorio_opoinf.LaboratorioOpoinfApplicationTests" tests="1" skipped="0" failures="0" errors="0" timestamp="2024-08-05T03:20:01" hostname="OPOINF-PC" time="1.143">
  <properties/>
  <testcase name="contextLoads()" classname="com.opoinf.laboratorio_opoinf.LaboratorioOpoinfApplicationTests" time="1.143"/>
  <system-out><![CDATA[23:19:45.701 [Test worker] INFO org.springframework.test.context.support.AnnotationConfigContextLoaderUtils -- Could not detect default configuration classes for test class [com.opoinf.laboratorio_opoinf.LaboratorioOpoinfApplicationTests]: LaboratorioOpoinfApplicationTests does not declare any static, non-private, non-final, nested classes annotated with @Configuration.
23:19:45.973 [Test worker] INFO org.springframework.boot.test.context.SpringBootTestContextBootstrapper -- Found @SpringBootConfiguration com.opoinf.laboratorio_opoinf.LaboratorioOpoinfApplication for test class com.opoinf.laboratorio_opoinf.LaboratorioOpoinfApplicationTests

  .   ____          _            __ _ _
 /\\ / ___'_ __ _ _(_)_ __  __ _ \ \ \ \
( ( )\___ | '_ | '_| | '_ \/ _` | \ \ \ \
 \\/  ___)| |_)| | | | | || (_| |  ) ) ) )
  '  |____| .__|_| |_|_| |_\__, | / / / /
 =========|_|==============|___/=/_/_/_/

 :: Spring Boot ::                (v3.3.1)

2024-08-04T23:19:47.081-04:00  INFO 12516 --- [laboratorio-opoinf] [    Test worker] c.o.l.LaboratorioOpoinfApplicationTests  : Starting LaboratorioOpoinfApplicationTests using Java 17.0.11 with PID 12516 (started by ingfr in C:\Users\ingfr\Proyectos\dev\Spring Boot Kotlin\laboratorio-opoinf\laboratorio_opoinf)
2024-08-04T23:19:47.085-04:00  INFO 12516 --- [laboratorio-opoinf] [    Test worker] c.o.l.LaboratorioOpoinfApplicationTests  : No active profile set, falling back to 1 default profile: "default"
2024-08-04T23:19:49.901-04:00  INFO 12516 --- [laboratorio-opoinf] [    Test worker] .s.d.r.c.RepositoryConfigurationDelegate : Bootstrapping Spring Data JPA repositories in DEFAULT mode.
2024-08-04T23:19:50.061-04:00  INFO 12516 --- [laboratorio-opoinf] [    Test worker] .s.d.r.c.RepositoryConfigurationDelegate : Finished Spring Data repository scanning in 139 ms. Found 2 JPA repository interfaces.
2024-08-04T23:19:51.299-04:00  INFO 12516 --- [laboratorio-opoinf] [    Test worker] o.hibernate.jpa.internal.util.LogHelper  : HHH000204: Processing PersistenceUnitInfo [name: default]
2024-08-04T23:19:51.537-04:00  INFO 12516 --- [laboratorio-opoinf] [    Test worker] org.hibernate.Version                    : HHH000412: Hibernate ORM core version 6.5.2.Final
2024-08-04T23:19:51.657-04:00  INFO 12516 --- [laboratorio-opoinf] [    Test worker] o.h.c.internal.RegionFactoryInitiator    : HHH000026: Second-level cache disabled
2024-08-04T23:19:52.547-04:00  INFO 12516 --- [laboratorio-opoinf] [    Test worker] o.s.o.j.p.SpringPersistenceUnitInfo      : No LoadTimeWeaver setup: ignoring JPA class transformer
2024-08-04T23:19:52.645-04:00  INFO 12516 --- [laboratorio-opoinf] [    Test worker] com.zaxxer.hikari.HikariDataSource       : HikariPool-1 - Starting...
2024-08-04T23:19:53.834-04:00  INFO 12516 --- [laboratorio-opoinf] [    Test worker] com.zaxxer.hikari.pool.HikariPool        : HikariPool-1 - Added connection org.postgresql.jdbc.PgConnection@7ebc5be6
2024-08-04T23:19:53.839-04:00  INFO 12516 --- [laboratorio-opoinf] [    Test worker] com.zaxxer.hikari.HikariDataSource       : HikariPool-1 - Start completed.
2024-08-04T23:19:54.007-04:00  WARN 12516 --- [laboratorio-opoinf] [    Test worker] org.hibernate.orm.deprecation            : HHH90000025: PostgreSQLDialect does not need to be specified explicitly using 'hibernate.dialect' (remove the property setting and it will be selected by default)
2024-08-04T23:19:56.660-04:00  INFO 12516 --- [laboratorio-opoinf] [    Test worker] o.h.e.t.j.p.i.JtaPlatformInitiator       : HHH000489: No JTA platform available (set 'hibernate.transaction.jta.platform' to enable JTA platform integration)
2024-08-04T23:19:57.501-04:00  INFO 12516 --- [laboratorio-opoinf] [    Test worker] j.LocalContainerEntityManagerFactoryBean : Initialized JPA EntityManagerFactory for persistence unit 'default'
2024-08-04T23:19:59.620-04:00  INFO 12516 --- [laboratorio-opoinf] [    Test worker] eAuthenticationProviderManagerConfigurer : Global AuthenticationManager configured with AuthenticationProvider bean with name authenticationProvider
2024-08-04T23:19:59.623-04:00  WARN 12516 --- [laboratorio-opoinf] [    Test worker] r$InitializeUserDetailsManagerConfigurer : Global AuthenticationManager configured with an AuthenticationProvider bean. UserDetailsService beans will not be used for username/password login. Consider removing the AuthenticationProvider bean. Alternatively, consider using the UserDetailsService in a manually instantiated DaoAuthenticationProvider.
2024-08-04T23:19:59.859-04:00  WARN 12516 --- [laboratorio-opoinf] [    Test worker] JpaBaseConfiguration$JpaWebConfiguration : spring.jpa.open-in-view is enabled by default. Therefore, database queries may be performed during view rendering. Explicitly configure spring.jpa.open-in-view to disable this warning
2024-08-04T23:20:01.687-04:00  INFO 12516 --- [laboratorio-opoinf] [    Test worker] c.o.l.LaboratorioOpoinfApplicationTests  : Started LaboratorioOpoinfApplicationTests in 15.272 seconds (process running for 18.375)
]]></system-out>
  <system-err><![CDATA[]]></system-err>
</testsuite>
