<?xml version="1.0" encoding="UTF-8"?>
<testsuite name="com.opoinf.laboratorio_opoinf.LaboratorioOpoinfApplicationTests" tests="1" skipped="0" failures="0" errors="0" timestamp="2024-08-05T01:59:12" hostname="OPOINF-PC" time="1.153">
  <properties/>
  <testcase name="contextLoads()" classname="com.opoinf.laboratorio_opoinf.LaboratorioOpoinfApplicationTests" time="1.153"/>
  <system-out><![CDATA[21:58:57.067 [Test worker] INFO org.springframework.test.context.support.AnnotationConfigContextLoaderUtils -- Could not detect default configuration classes for test class [com.opoinf.laboratorio_opoinf.LaboratorioOpoinfApplicationTests]: LaboratorioOpoinfApplicationTests does not declare any static, non-private, non-final, nested classes annotated with @Configuration.
21:58:57.349 [Test worker] INFO org.springframework.boot.test.context.SpringBootTestContextBootstrapper -- Found @SpringBootConfiguration com.opoinf.laboratorio_opoinf.LaboratorioOpoinfApplication for test class com.opoinf.laboratorio_opoinf.LaboratorioOpoinfApplicationTests

  .   ____          _            __ _ _
 /\\ / ___'_ __ _ _(_)_ __  __ _ \ \ \ \
( ( )\___ | '_ | '_| | '_ \/ _` | \ \ \ \
 \\/  ___)| |_)| | | | | || (_| |  ) ) ) )
  '  |____| .__|_| |_|_| |_\__, | / / / /
 =========|_|==============|___/=/_/_/_/

 :: Spring Boot ::                (v3.3.1)

2024-08-04T21:58:58.499-04:00  INFO 19040 --- [laboratorio-opoinf] [    Test worker] c.o.l.LaboratorioOpoinfApplicationTests  : Starting LaboratorioOpoinfApplicationTests using Java 17.0.11 with PID 19040 (started by ingfr in C:\Users\ingfr\Proyectos\dev\Spring Boot Kotlin\laboratorio-opoinf\laboratorio_opoinf)
2024-08-04T21:58:58.503-04:00  INFO 19040 --- [laboratorio-opoinf] [    Test worker] c.o.l.LaboratorioOpoinfApplicationTests  : No active profile set, falling back to 1 default profile: "default"
2024-08-04T21:59:01.405-04:00  INFO 19040 --- [laboratorio-opoinf] [    Test worker] .s.d.r.c.RepositoryConfigurationDelegate : Bootstrapping Spring Data JPA repositories in DEFAULT mode.
2024-08-04T21:59:01.575-04:00  INFO 19040 --- [laboratorio-opoinf] [    Test worker] .s.d.r.c.RepositoryConfigurationDelegate : Finished Spring Data repository scanning in 147 ms. Found 2 JPA repository interfaces.
2024-08-04T21:59:02.872-04:00  INFO 19040 --- [laboratorio-opoinf] [    Test worker] o.hibernate.jpa.internal.util.LogHelper  : HHH000204: Processing PersistenceUnitInfo [name: default]
2024-08-04T21:59:03.126-04:00  INFO 19040 --- [laboratorio-opoinf] [    Test worker] org.hibernate.Version                    : HHH000412: Hibernate ORM core version 6.5.2.Final
2024-08-04T21:59:03.262-04:00  INFO 19040 --- [laboratorio-opoinf] [    Test worker] o.h.c.internal.RegionFactoryInitiator    : HHH000026: Second-level cache disabled
2024-08-04T21:59:04.179-04:00  INFO 19040 --- [laboratorio-opoinf] [    Test worker] o.s.o.j.p.SpringPersistenceUnitInfo      : No LoadTimeWeaver setup: ignoring JPA class transformer
2024-08-04T21:59:04.268-04:00  INFO 19040 --- [laboratorio-opoinf] [    Test worker] com.zaxxer.hikari.HikariDataSource       : HikariPool-1 - Starting...
2024-08-04T21:59:05.497-04:00  INFO 19040 --- [laboratorio-opoinf] [    Test worker] com.zaxxer.hikari.pool.HikariPool        : HikariPool-1 - Added connection org.postgresql.jdbc.PgConnection@396f2724
2024-08-04T21:59:05.502-04:00  INFO 19040 --- [laboratorio-opoinf] [    Test worker] com.zaxxer.hikari.HikariDataSource       : HikariPool-1 - Start completed.
2024-08-04T21:59:05.673-04:00  WARN 19040 --- [laboratorio-opoinf] [    Test worker] org.hibernate.orm.deprecation            : HHH90000025: PostgreSQLDialect does not need to be specified explicitly using 'hibernate.dialect' (remove the property setting and it will be selected by default)
2024-08-04T21:59:08.283-04:00  INFO 19040 --- [laboratorio-opoinf] [    Test worker] o.h.e.t.j.p.i.JtaPlatformInitiator       : HHH000489: No JTA platform available (set 'hibernate.transaction.jta.platform' to enable JTA platform integration)
2024-08-04T21:59:09.183-04:00  INFO 19040 --- [laboratorio-opoinf] [    Test worker] j.LocalContainerEntityManagerFactoryBean : Initialized JPA EntityManagerFactory for persistence unit 'default'
2024-08-04T21:59:10.763-04:00  INFO 19040 --- [laboratorio-opoinf] [    Test worker] eAuthenticationProviderManagerConfigurer : Global AuthenticationManager configured with AuthenticationProvider bean with name authenticationProvider
2024-08-04T21:59:10.765-04:00  WARN 19040 --- [laboratorio-opoinf] [    Test worker] r$InitializeUserDetailsManagerConfigurer : Global AuthenticationManager configured with an AuthenticationProvider bean. UserDetailsService beans will not be used for username/password login. Consider removing the AuthenticationProvider bean. Alternatively, consider using the UserDetailsService in a manually instantiated DaoAuthenticationProvider.
2024-08-04T21:59:10.990-04:00  WARN 19040 --- [laboratorio-opoinf] [    Test worker] JpaBaseConfiguration$JpaWebConfiguration : spring.jpa.open-in-view is enabled by default. Therefore, database queries may be performed during view rendering. Explicitly configure spring.jpa.open-in-view to disable this warning
2024-08-04T21:59:12.700-04:00  INFO 19040 --- [laboratorio-opoinf] [    Test worker] c.o.l.LaboratorioOpoinfApplicationTests  : Started LaboratorioOpoinfApplicationTests in 14.89 seconds (process running for 18.05)
]]></system-out>
  <system-err><![CDATA[]]></system-err>
</testsuite>
