<?xml version="1.0" encoding="UTF-8"?>
<testsuite name="com.opoinf.laboratorio_opoinf.LaboratorioOpoinfApplicationTests" tests="1" skipped="0" failures="0" errors="0" timestamp="2024-08-01T21:10:36" hostname="OPOINF-PC" time="1.177">
  <properties/>
  <testcase name="contextLoads()" classname="com.opoinf.laboratorio_opoinf.LaboratorioOpoinfApplicationTests" time="1.177"/>
  <system-out><![CDATA[17:10:19.672 [Test worker] INFO org.springframework.test.context.support.AnnotationConfigContextLoaderUtils -- Could not detect default configuration classes for test class [com.opoinf.laboratorio_opoinf.LaboratorioOpoinfApplicationTests]: LaboratorioOpoinfApplicationTests does not declare any static, non-private, non-final, nested classes annotated with @Configuration.
17:10:19.999 [Test worker] INFO org.springframework.boot.test.context.SpringBootTestContextBootstrapper -- Found @SpringBootConfiguration com.opoinf.laboratorio_opoinf.LaboratorioOpoinfApplication for test class com.opoinf.laboratorio_opoinf.LaboratorioOpoinfApplicationTests

  .   ____          _            __ _ _
 /\\ / ___'_ __ _ _(_)_ __  __ _ \ \ \ \
( ( )\___ | '_ | '_| | '_ \/ _` | \ \ \ \
 \\/  ___)| |_)| | | | | || (_| |  ) ) ) )
  '  |____| .__|_| |_|_| |_\__, | / / / /
 =========|_|==============|___/=/_/_/_/

 :: Spring Boot ::                (v3.3.1)

2024-08-01T17:10:21.160-04:00  INFO 24152 --- [laboratorio-opoinf] [    Test worker] c.o.l.LaboratorioOpoinfApplicationTests  : Starting LaboratorioOpoinfApplicationTests using Java 17.0.11 with PID 24152 (started by ingfr in C:\Users\ingfr\Proyectos\dev\Spring Boot Kotlin\laboratorio-opoinf)
2024-08-01T17:10:21.164-04:00  INFO 24152 --- [laboratorio-opoinf] [    Test worker] c.o.l.LaboratorioOpoinfApplicationTests  : No active profile set, falling back to 1 default profile: "default"
2024-08-01T17:10:24.278-04:00  INFO 24152 --- [laboratorio-opoinf] [    Test worker] .s.d.r.c.RepositoryConfigurationDelegate : Bootstrapping Spring Data JPA repositories in DEFAULT mode.
2024-08-01T17:10:24.484-04:00  INFO 24152 --- [laboratorio-opoinf] [    Test worker] .s.d.r.c.RepositoryConfigurationDelegate : Finished Spring Data repository scanning in 179 ms. Found 2 JPA repository interfaces.
2024-08-01T17:10:25.812-04:00  INFO 24152 --- [laboratorio-opoinf] [    Test worker] o.hibernate.jpa.internal.util.LogHelper  : HHH000204: Processing PersistenceUnitInfo [name: default]
2024-08-01T17:10:26.028-04:00  INFO 24152 --- [laboratorio-opoinf] [    Test worker] org.hibernate.Version                    : HHH000412: Hibernate ORM core version 6.5.2.Final
2024-08-01T17:10:26.148-04:00  INFO 24152 --- [laboratorio-opoinf] [    Test worker] o.h.c.internal.RegionFactoryInitiator    : HHH000026: Second-level cache disabled
2024-08-01T17:10:27.134-04:00  INFO 24152 --- [laboratorio-opoinf] [    Test worker] o.s.o.j.p.SpringPersistenceUnitInfo      : No LoadTimeWeaver setup: ignoring JPA class transformer
2024-08-01T17:10:27.219-04:00  INFO 24152 --- [laboratorio-opoinf] [    Test worker] com.zaxxer.hikari.HikariDataSource       : HikariPool-1 - Starting...
2024-08-01T17:10:28.736-04:00  INFO 24152 --- [laboratorio-opoinf] [    Test worker] com.zaxxer.hikari.pool.HikariPool        : HikariPool-1 - Added connection org.postgresql.jdbc.PgConnection@43756cb
2024-08-01T17:10:28.743-04:00  INFO 24152 --- [laboratorio-opoinf] [    Test worker] com.zaxxer.hikari.HikariDataSource       : HikariPool-1 - Start completed.
2024-08-01T17:10:28.956-04:00  WARN 24152 --- [laboratorio-opoinf] [    Test worker] org.hibernate.orm.deprecation            : HHH90000025: PostgreSQLDialect does not need to be specified explicitly using 'hibernate.dialect' (remove the property setting and it will be selected by default)
2024-08-01T17:10:31.537-04:00  INFO 24152 --- [laboratorio-opoinf] [    Test worker] o.h.e.t.j.p.i.JtaPlatformInitiator       : HHH000489: No JTA platform available (set 'hibernate.transaction.jta.platform' to enable JTA platform integration)
2024-08-01T17:10:32.379-04:00  INFO 24152 --- [laboratorio-opoinf] [    Test worker] j.LocalContainerEntityManagerFactoryBean : Initialized JPA EntityManagerFactory for persistence unit 'default'
2024-08-01T17:10:34.074-04:00  INFO 24152 --- [laboratorio-opoinf] [    Test worker] eAuthenticationProviderManagerConfigurer : Global AuthenticationManager configured with AuthenticationProvider bean with name authenticationProvider
2024-08-01T17:10:34.074-04:00  WARN 24152 --- [laboratorio-opoinf] [    Test worker] r$InitializeUserDetailsManagerConfigurer : Global AuthenticationManager configured with an AuthenticationProvider bean. UserDetailsService beans will not be used for username/password login. Consider removing the AuthenticationProvider bean. Alternatively, consider using the UserDetailsService in a manually instantiated DaoAuthenticationProvider.
2024-08-01T17:10:34.343-04:00  WARN 24152 --- [laboratorio-opoinf] [    Test worker] JpaBaseConfiguration$JpaWebConfiguration : spring.jpa.open-in-view is enabled by default. Therefore, database queries may be performed during view rendering. Explicitly configure spring.jpa.open-in-view to disable this warning
2024-08-01T17:10:36.465-04:00  INFO 24152 --- [laboratorio-opoinf] [    Test worker] c.o.l.LaboratorioOpoinfApplicationTests  : Started LaboratorioOpoinfApplicationTests in 15.945 seconds (process running for 19.285)
]]></system-out>
  <system-err><![CDATA[]]></system-err>
</testsuite>
